[livedemo00.template-help.com/wt_52524/index.html]
[backblue.gif]
[fade.gif]
[index.html]
[static.livedemo00.template-help.com/wt_52524/css/grid.css]
[static.livedemo00.template-help.com/wt_52524/css/style.css]
[static.livedemo00.template-help.com/wt_52524/css/camera.css]
[static.livedemo00.template-help.com/wt_52524/css/owl.carousel.css]
[static.livedemo00.template-help.com/wt_52524/js/jquery.js]
[static.livedemo00.template-help.com/wt_52524/js/jquery-migrate-1.2.1.js]
[static.livedemo00.template-help.com/wt_52524/js/camera.js]
[static.livedemo00.template-help.com/wt_52524/js/owl.carousel.js]
[static.livedemo00.template-help.com/wt_52524/js/jquery.stellar.js]
[static.livedemo00.template-help.com/wt_52524/js/script.js]
[static.livedemo00.template-help.com/wt_52524/js/jquery.mobile.customized.min.js]
[static.livedemo00.template-help.com/wt_52524/js/wow.js]
[livedemo00.template-help.com/wt_52524/index-2.html]
[livedemo00.template-help.com/wt_52524/index-1.html]
[livedemo00.template-help.com/wt_52524/index-3.html]
[livedemo00.template-help.com/wt_52524/index-4.html]
[livedemo00.template-help.com/wt_52524/index-5.html]
[static.livedemo00.template-help.com/wt_52524/images/index_img-1.jpg]
[static.livedemo00.template-help.com/wt_52524/images/index_img-2.jpg]
[static.livedemo00.template-help.com/wt_52524/images/index_img-3.jpg]
[static.livedemo00.template-help.com/wt_52524/images/footer-logo.png]
[livedemo00.template-help.com/wt_52524/index.html]
[static.livedemo00.template-help.com/wt_52524/css/grid.css]
[maxcdn.bootstrapcdn.com/font-awesome/4.2.0/css/font-awesome.min.css]
[static.livedemo00.template-help.com/wt_52524/images/logo.png]
[static.livedemo00.template-help.com/wt_52524/images/index_img_par.jpg]
[static.livedemo00.template-help.com/wt_52524/css/style.css]
[static.livedemo00.template-help.com/wt_52524/images/blank.2b.delayed]
[static.livedemo00.template-help.com/wt_52524/images/camera-loader.gif]
[static.livedemo00.template-help.com/wt_52524/images/camera_skins.2e.delayed]
[static.livedemo00.template-help.com/wt_52524/css/camera.css]
[static.livedemo00.template-help.com/wt_52524/css/grabbing.png]
[static.livedemo00.template-help.com/wt_52524/css/owl.carousel.css]
[static.livedemo00.template-help.com/wt_52524/js/jquery.js]
[static.livedemo00.template-help.com/wt_52524/js/jquery-migrate-1.2.1.js]
[static.livedemo00.template-help.com/wt_52524/js/camera.js]
[static.livedemo00.template-help.com/wt_52524/js/owl.carousel.js]
[static.livedemo00.template-help.com/wt_52524/js/jquery.stellar.js]
[static.livedemo00.template-help.com/wt_52524/js/jquery.cookie.js]
[static.livedemo00.template-help.com/wt_52524/js/TMForm.js]
[static.livedemo00.template-help.com/wt_52524/js/modal.js]
[static.livedemo00.template-help.com/wt_52524/js/device.min.js]
[static.livedemo00.template-help.com/wt_52524/js/tmstickup.js]
[static.livedemo00.template-help.com/wt_52524/js/jquery.easing.1.3.js]
[static.livedemo00.template-help.com/wt_52524/js/jquery.ui.totop.js]
[static.livedemo00.template-help.com/wt_52524/js/jquery.mousewheel.min.js]
[static.livedemo00.template-help.com/wt_52524/js/jquery.simplr.smoothscroll.min.js]
[static.livedemo00.template-help.com/wt_52524/js/superfish.js]
[static.livedemo00.template-help.com/wt_52524/js/script.js]
[static.livedemo00.template-help.com/wt_52524/js/jquery.mobile.customized.min.js]
[static.livedemo00.template-help.com/wt_52524/js/wow.js]
[static.livedemo00.template-help.com/wt_52524/js/jquery.mobilemenu.js]
[livedemo00.template-help.com/wt_52524/index-2.html]
[static.livedemo00.template-help.com/wt_52524/images/index-1_img-1.jpg]
[static.livedemo00.template-help.com/wt_52524/images/index-1_img-2.jpg]
[static.livedemo00.template-help.com/wt_52524/images/index-1_img-3.jpg]
[livedemo00.template-help.com/wt_52524/index-1.html]
[static.livedemo00.template-help.com/wt_52524/css/touchTouch.css]
[static.livedemo00.template-help.com/wt_52524/js/touchTouch.jquery.js]
[static.livedemo00.template-help.com/wt_52524/images/index-2_img-1-big.jpg]
[static.livedemo00.template-help.com/wt_52524/images/index-2_img-1.jpg]
[static.livedemo00.template-help.com/wt_52524/images/index-2_img-2-big.jpg]
[static.livedemo00.template-help.com/wt_52524/images/index-2_img-2.jpg]
[static.livedemo00.template-help.com/wt_52524/images/index-2_img-3-big.jpg]
[static.livedemo00.template-help.com/wt_52524/images/index-2_img-3.jpg]
[static.livedemo00.template-help.com/wt_52524/images/index-2_img-4-big.jpg]
[static.livedemo00.template-help.com/wt_52524/images/index-2_img-4.jpg]
[static.livedemo00.template-help.com/wt_52524/images/index-2_img-5-big.jpg]
[static.livedemo00.template-help.com/wt_52524/images/index-2_img-5.jpg]
[static.livedemo00.template-help.com/wt_52524/images/index-2_img-6-big.jpg]
[static.livedemo00.template-help.com/wt_52524/images/index-2_img-6.jpg]
[static.livedemo00.template-help.com/wt_52524/images/index-2_img-7-big.jpg]
[static.livedemo00.template-help.com/wt_52524/images/index-2_img-7.jpg]
[static.livedemo00.template-help.com/wt_52524/images/index-2_img-8.jpg]
[static.livedemo00.template-help.com/wt_52524/images/index-2_img-9-big.jpg]
[static.livedemo00.template-help.com/wt_52524/images/index-2_img-9.jpg]
[livedemo00.template-help.com/wt_52524/index-3.html]
[static.livedemo00.template-help.com/wt_52524/images/index-3_img-1.jpg]
[static.livedemo00.template-help.com/wt_52524/images/index-3_img-2.jpg]
[static.livedemo00.template-help.com/wt_52524/images/index-3_img-3.jpg]
[static.livedemo00.template-help.com/wt_52524/images/index-3_img-5.jpg]
[livedemo00.template-help.com/wt_52524/index-4.html]
[livedemo00.template-help.com/wt_52524/index-5.html]
[static.livedemo00.template-help.com/wt_52524/css/contact-form.css]
[www.googletagmanager.com/gtm5445.html]
[maxcdn.bootstrapcdn.com/font-awesome/4.2.0/css/font-awesome.min.css]
[static.livedemo00.template-help.com/wt_52524/images/blank.html]
[static.livedemo00.template-help.com/wt_52524/images/camera_skins.html]
[static.livedemo00.template-help.com/wt_52524/css/grabbing.html]
[static.livedemo00.template-help.com/wt_52524/js/jquery.cookie.js]
[static.livedemo00.template-help.com/wt_52524/js/TMForm.js]
[static.livedemo00.template-help.com/wt_52524/js/modal.js]
[static.livedemo00.template-help.com/wt_52524/js/device.min.js]
[static.livedemo00.template-help.com/wt_52524/js/tmstickup.js]
[static.livedemo00.template-help.com/wt_52524/js/jquery.easing.1.3.js]
[static.livedemo00.template-help.com/wt_52524/js/jquery.ui.totop.js]
[static.livedemo00.template-help.com/wt_52524/js/jquery.mousewheel.min.js]
[static.livedemo00.template-help.com/wt_52524/js/jquery.simplr.smoothscroll.min.js]
[static.livedemo00.template-help.com/wt_52524/js/superfish.js]
[static.livedemo00.template-help.com/wt_52524/js/jquery.mobilemenu.js]
[static.livedemo00.template-help.com/wt_52524/images/index_img_par.jpg]
[static.livedemo00.template-help.com/wt_52524/images/quotes.png]
[static.livedemo00.template-help.com/wt_52524/images/index-1_img-4.jpg]
[static.livedemo00.template-help.com/wt_52524/css/js/pie.htc]
[static.livedemo00.template-help.com/wt_52524/images/index-1_img-5.jpg]
[static.livedemo00.template-help.com/wt_52524/images/preloader.gif]
[static.livedemo00.template-help.com/wt_52524/images/arrows.png]
[static.livedemo00.template-help.com/wt_52524/css/touchTouch.css]
[static.livedemo00.template-help.com/wt_52524/js/touchTouch.jquery.js]
[static.livedemo00.template-help.com/wt_52524/images/index-2_img-4-big.jpg]
[static.livedemo00.template-help.com/wt_52524/images/index-3_img-4.jpg]
[static.livedemo00.template-help.com/wt_52524/images/form-loader.gif]
[static.livedemo00.template-help.com/wt_52524/css/contact-form.css]
[static.livedemo00.template-help.com/wt_52524/css/js/pie.htc]
[static.livedemo00.template-help.com/wt_52524/images/index-2_img-8-big.jpg]
[static.livedemo00.template-help.com/wt_52524/images/index-2_img-9-big.jpg]
